<?xml version="1.0" encoding="UTF-8"?>
<!-- Generated by org.testng.reporters.JUnitReportReporter -->
<testsuite hostname="Xins-MacBook-Pro.local" failures="0" tests="4" name="com.xinchen.wordguessing.model.TestGamePlay" time="0.066" errors="0" timestamp="8 Oct 2019 05:34:41 GMT">
  <testcase classname="com.xinchen.wordguessing.model.TestGamePlay" name="testCalculateScore" time="0.017"/>
  <testcase classname="com.xinchen.wordguessing.model.TestGamePlay" name="testCheckCount" time="0.000"/>
  <testcase classname="com.xinchen.wordguessing.model.TestGamePlay" name="testLifeSaver" time="0.027"/>
  <testcase classname="com.xinchen.wordguessing.model.TestGamePlay" name="testUpdateGameStatus" time="0.022"/>
</testsuite> <!-- com.xinchen.wordguessing.model.TestGamePlay -->
